
------------------------
2020.03.02 4:09:34
webform result
Array
(
    [result] => Array
        (
            [0] => Array
                (
                    [ID] => 641
                    [TITLE] => Проверянск, Проверочный комментарий
                    [COMMENTS] => Проверочный комментарий
                    [SOURCE_ID] => 
                    [UF_CRM_CITY] => Проверянск
                )

            [1] => Array
                (
                    [ID] => 693
                    [TITLE] => Владивосток, Автоматизация отдела продаж
                    [COMMENTS] => Автоматизация отдела продаж
                    [SOURCE_ID] => 
                    [UF_CRM_CITY] => Владивосток
                )

        )

    [total] => 2
    [time] => Array
        (
            [start] => 1583122174.0057
            [finish] => 1583122174.0415
            [duration] => 0.035809993743896
            [processing] => 0.010586977005005
            [date_start] => 2020-03-02T07:09:34+03:00
            [date_finish] => 2020-03-02T07:09:34+03:00
        )

)

------------------------
